android/app/build/outputs/logs/manifest-merger-debug-report.txt
-- Merging decision tree log ---
manifest
ADDED from src/main/AndroidManifest.xml:1:1-28:12
	package
		ADDED from src/main/AndroidManifest.xml:2:5-34
		INJECTED from src/main/AndroidManifest.xml
		INJECTED from src/main/AndroidManifest.xml
	android:versionName
		INJECTED from src/main/AndroidManifest.xml
		INJECTED from src/main/AndroidManifest.xml
	xmlns:android
		ADDED from src/main/AndroidManifest.xml:1:11-69
	android:versionCode
		INJECTED from src/main/AndroidManifest.xml
		INJECTED from src/main/AndroidManifest.xml
uses-permission#android.permission.INTERNET
ADDED from src/main/AndroidManifest.xml:4:5-67
	android:name
		ADDED from src/main/AndroidManifest.xml:4:22-64
uses-permission#android.permission.SYSTEM_ALERT_WINDOW
ADDED from src/main/AndroidManifest.xml:5:5-77
MERGED from [com.facebook.react:react-native:0.55.4] AndroidManifest.xml:11:5-78
	android:name
		ADDED from src/main/AndroidManifest.xml:5:22-75
uses-permission#android.permission.CAMERA
ADDED from src/main/AndroidManifest.xml:6:5-65
	android:name
		ADDED from src/main/AndroidManifest.xml:6:22-62
uses-permission#android.permission.WRITE_EXTERNAL_STORAGE
ADDED from src/main/AndroidManifest.xml:7:5-80
	android:name
		ADDED from src/main/AndroidManifest.xml:7:22-78
application
ADDED from src/main/AndroidManifest.xml:9:5-26:19
MERGED from [FindYourPartner:react-native-navigation:unspecified] AndroidManifest.xml:11:5-18:19
MERGED from [com.aurelhubert:ahbottomnavigation:2.0.6] AndroidManifest.xml:11:5-20
MERGED from [com.android.support:design:25.3.1] AndroidManifest.xml:29:5-20
MERGED from [com.android.support:transition:25.3.1] AndroidManifest.xml:26:5-20
MERGED from [com.balysv.materialmenu:material-menu-toolbar:1.5.4] AndroidManifest.xml:12:5-20
MERGED from [com.balysv.materialmenu:material-menu:1.5.4] AndroidManifest.xml:12:5-20
MERGED from [FindYourPartner:react-native-image-picker:unspecified] AndroidManifest.xml:11:5-21:19
MERGED from [com.facebook.react:react-native:0.55.4] AndroidManifest.xml:13:5-20
MERGED from [com.android.support:appcompat-v7:25.3.1] AndroidManifest.xml:29:5-20
MERGED from [com.android.support:support-v4:25.3.1] AndroidManifest.xml:29:5-20
MERGED from [com.android.support:support-fragment:25.3.1] AndroidManifest.xml:29:5-20
MERGED from [com.android.support:support-media-compat:25.3.1] AndroidManifest.xml:29:5-20
MERGED from [com.android.support:support-core-ui:25.3.1] AndroidManifest.xml:29:5-20
MERGED from [com.android.support:support-core-utils:25.3.1] AndroidManifest.xml:29:5-20
MERGED from [com.android.support:animated-vector-drawable:25.3.1] AndroidManifest.xml:26:5-20
MERGED from [com.android.support:support-vector-drawable:25.3.1] AndroidManifest.xml:26:5-20
MERGED from [com.android.support:support-compat:25.3.1] AndroidManifest.xml:29:5-20
MERGED from [com.facebook.soloader:soloader:0.1.0] AndroidManifest.xml:3:3-17
MERGED from [org.webkit:android-jsc:r174650] AndroidManifest.xml:2:3-17
	android:label
		ADDED from src/main/AndroidManifest.xml:11:7-39
	android:allowBackup
		ADDED from src/main/AndroidManifest.xml:13:7-34
	android:icon
		ADDED from src/main/AndroidManifest.xml:12:7-41
	android:theme
		ADDED from src/main/AndroidManifest.xml:14:7-38
	android:name
		ADDED from src/main/AndroidManifest.xml:10:7-38
activity#com.findyourpartner.MainActivity
ADDED from src/main/AndroidManifest.xml:15:7-24:18
	android:label
		ADDED from src/main/AndroidManifest.xml:17:9-41
	android:windowSoftInputMode
		ADDED from src/main/AndroidManifest.xml:19:9-51
	android:configChanges
		ADDED from src/main/AndroidManifest.xml:18:9-79
	android:name
		ADDED from src/main/AndroidManifest.xml:16:9-37
intent-filter#android.intent.action.MAIN+android.intent.category.LAUNCHER
ADDED from src/main/AndroidManifest.xml:20:9-23:25
action#android.intent.action.MAIN
ADDED from src/main/AndroidManifest.xml:21:13-65
	android:name
		ADDED from src/main/AndroidManifest.xml:21:21-62
category#android.intent.category.LAUNCHER
ADDED from src/main/AndroidManifest.xml:22:13-73
	android:name
		ADDED from src/main/AndroidManifest.xml:22:23-70
activity#com.facebook.react.devsupport.DevSettingsActivity
ADDED from src/main/AndroidManifest.xml:25:7-84
MERGED from [FindYourPartner:react-native-navigation:unspecified] AndroidManifest.xml:15:9-17:40
	android:exported
		ADDED from [FindYourPartner:react-native-navigation:unspecified] AndroidManifest.xml:17:13-37
	android:name
		ADDED from src/main/AndroidManifest.xml:25:17-81
uses-sdk
INJECTED from src/main/AndroidManifest.xml reason: use-sdk injection requested
MERGED from [FindYourPartner:react-native-vector-icons:unspecified] AndroidManifest.xml:7:5-9:41
MERGED from [FindYourPartner:react-native-navigation:unspecified] AndroidManifest.xml:7:5-9:41
MERGED from [com.aurelhubert:ahbottomnavigation:2.0.6] AndroidManifest.xml:7:5-9:41
MERGED from [com.android.support:design:25.3.1] AndroidManifest.xml:21:5-23:62
MERGED from [com.android.support:recyclerview-v7:25.3.1] AndroidManifest.xml:20:5-43
MERGED from [com.android.support:transition:25.3.1] AndroidManifest.xml:20:5-44
MERGED from [com.balysv.materialmenu:material-menu-toolbar:1.5.4] AndroidManifest.xml:8:5-10:41
MERGED from [com.balysv.materialmenu:material-menu:1.5.4] AndroidManifest.xml:8:5-10:41
MERGED from [FindYourPartner:react-native-image-picker:unspecified] AndroidManifest.xml:7:5-9:41
MERGED from [com.facebook.react:react-native:0.55.4] AndroidManifest.xml:7:5-9:41
MERGED from [com.android.support:appcompat-v7:25.3.1] AndroidManifest.xml:21:5-23:78
MERGED from [com.android.support:support-v4:25.3.1] AndroidManifest.xml:21:5-23:54
MERGED from [com.android.support:support-fragment:25.3.1] AndroidManifest.xml:21:5-23:60
MERGED from [com.android.support:support-media-compat:25.3.1] AndroidManifest.xml:21:5-23:63
MERGED from [com.android.support:support-core-ui:25.3.1] AndroidManifest.xml:21:5-23:58
MERGED from [com.android.support:support-core-utils:25.3.1] AndroidManifest.xml:21:5-23:61
MERGED from [com.android.support:animated-vector-drawable:25.3.1] AndroidManifest.xml:20:5-44
MERGED from [com.android.support:support-vector-drawable:25.3.1] AndroidManifest.xml:20:5-43
MERGED from [com.android.support:support-compat:25.3.1] AndroidManifest.xml:21:5-23:58
MERGED from [com.facebook.fbui.textlayoutbuilder:textlayoutbuilder:1.0.0] AndroidManifest.xml:14:5-16:41
MERGED from [com.facebook.fresco:fresco:1.3.0] AndroidManifest.xml:5:5-7:41
MERGED from [com.facebook.fresco:drawee:1.3.0] AndroidManifest.xml:5:5-7:41
MERGED from [com.facebook.fresco:imagepipeline-okhttp3:1.3.0] AndroidManifest.xml:5:5-7:41
MERGED from [com.facebook.fresco:imagepipeline:1.3.0] AndroidManifest.xml:5:5-7:41
MERGED from [com.facebook.fresco:imagepipeline-base:1.3.0] AndroidManifest.xml:5:5-7:41
MERGED from [com.facebook.fresco:fbcore:1.3.0] AndroidManifest.xml:5:5-7:41
MERGED from [com.facebook.soloader:soloader:0.1.0] AndroidManifest.xml:2:3-70
	tools:overrideLibrary
		ADDED from [com.android.support:design:25.3.1] AndroidManifest.xml:23:9-59
	android:targetSdkVersion
		INJECTED from src/main/AndroidManifest.xml
		INJECTED from src/main/AndroidManifest.xml
	android:minSdkVersion
		INJECTED from src/main/AndroidManifest.xml
		INJECTED from src/main/AndroidManifest.xml
activity#com.reactnativenavigation.controllers.NavigationActivity
ADDED from [FindYourPartner:react-native-navigation:unspecified] AndroidManifest.xml:12:9-14:86
	android:configChanges
		ADDED from [FindYourPartner:react-native-navigation:unspecified] AndroidManifest.xml:14:13-83
	android:name
		ADDED from [FindYourPartner:react-native-navigation:unspecified] AndroidManifest.xml:13:13-84
meta-data#android.support.VERSION
ADDED from [com.android.support:design:25.3.1] AndroidManifest.xml:25:5-27:34
MERGED from [com.android.support:recyclerview-v7:25.3.1] AndroidManifest.xml:22:5-24:34
MERGED from [com.android.support:transition:25.3.1] AndroidManifest.xml:22:5-24:34
MERGED from [com.android.support:appcompat-v7:25.3.1] AndroidManifest.xml:25:5-27:34
MERGED from [com.android.support:support-v4:25.3.1] AndroidManifest.xml:25:5-27:34
MERGED from [com.android.support:support-fragment:25.3.1] AndroidManifest.xml:25:5-27:34
MERGED from [com.android.support:support-media-compat:25.3.1] AndroidManifest.xml:25:5-27:34
MERGED from [com.android.support:support-core-ui:25.3.1] AndroidManifest.xml:25:5-27:34
MERGED from [com.android.support:support-core-utils:25.3.1] AndroidManifest.xml:25:5-27:34
MERGED from [com.android.support:animated-vector-drawable:25.3.1] AndroidManifest.xml:22:5-24:34
MERGED from [com.android.support:support-vector-drawable:25.3.1] AndroidManifest.xml:22:5-24:34
MERGED from [com.android.support:support-compat:25.3.1] AndroidManifest.xml:25:5-27:34
	android:value
		ADDED from [com.android.support:design:25.3.1] AndroidManifest.xml:27:9-31
	android:name
		ADDED from [com.android.support:design:25.3.1] AndroidManifest.xml:26:9-47
provider#com.imagepicker.FileProvider
ADDED from [FindYourPartner:react-native-image-picker:unspecified] AndroidManifest.xml:12:9-20:20
	android:authorities
		ADDED from [FindYourPartner:react-native-image-picker:unspecified] AndroidManifest.xml:14:13-60
	android:grantUriPermissions
		ADDED from [FindYourPartner:react-native-image-picker:unspecified] AndroidManifest.xml:16:13-47
	android:exported
		ADDED from [FindYourPartner:react-native-image-picker:unspecified] AndroidManifest.xml:15:13-37
	android:name
		ADDED from [FindYourPartner:react-native-image-picker:unspecified] AndroidManifest.xml:13:13-56
meta-data#android.support.FILE_PROVIDER_PATHS
ADDED from [FindYourPartner:react-native-image-picker:unspecified] AndroidManifest.xml:17:13-19:58
	android:resource
		ADDED from [FindYourPartner:react-native-image-picker:unspecified] AndroidManifest.xml:19:17-55
	android:name
		ADDED from [FindYourPartner:react-native-image-picker:unspecified] AndroidManifest.xml:18:17-67
android:uses-permission#android.permission.READ_PHONE_STATE
IMPLIED from src/main/AndroidManifest.xml:1:1-28:12 reason: org.webkit.android_jsc has a targetSdkVersion < 4
android:uses-permission#android.permission.READ_EXTERNAL_STORAGE
IMPLIED from src/main/AndroidManifest.xml:1:1-28:12 reason: org.webkit.android_jsc requested WRITE_EXTERNAL_STORAGE